C:\Program Files (x86)\Microsoft Visual Studio\2017\Community\Common7\IDE\VC\VCTargets\Microsoft.CppBuild.targets(391,5): warning MSB8028: The intermediate directory (Debug\) contains files shared from another project (Skeleton.vcxproj).  This can lead to incorrect clean and rebuild behavior.
  raycast.cpp
c:\users\erik\documents\github\grafika\hf2\raycast\raycast.cpp(152): warning C4305: 'argument': truncation from 'double' to 'float'
c:\users\erik\documents\github\grafika\hf2\raycast\raycast.cpp(166): warning C4996: 'sprintf': This function or variable may be unsafe. Consider using sprintf_s instead. To disable deprecation, use _CRT_SECURE_NO_WARNINGS. See online help for details.
  c:\program files (x86)\windows kits\10\include\10.0.17763.0\ucrt\stdio.h(1774): note: see declaration of 'sprintf'
c:\users\erik\documents\github\grafika\hf2\raycast\raycast.cpp(168): warning C4996: 'sprintf': This function or variable may be unsafe. Consider using sprintf_s instead. To disable deprecation, use _CRT_SECURE_NO_WARNINGS. See online help for details.
  c:\program files (x86)\windows kits\10\include\10.0.17763.0\ucrt\stdio.h(1774): note: see declaration of 'sprintf'
c:\users\erik\documents\github\grafika\hf2\raycast\raycast.cpp(170): warning C4996: 'sprintf': This function or variable may be unsafe. Consider using sprintf_s instead. To disable deprecation, use _CRT_SECURE_NO_WARNINGS. See online help for details.
  c:\program files (x86)\windows kits\10\include\10.0.17763.0\ucrt\stdio.h(1774): note: see declaration of 'sprintf'
c:\users\erik\documents\github\grafika\hf2\raycast\raycast.cpp(172): warning C4996: 'sprintf': This function or variable may be unsafe. Consider using sprintf_s instead. To disable deprecation, use _CRT_SECURE_NO_WARNINGS. See online help for details.
  c:\program files (x86)\windows kits\10\include\10.0.17763.0\ucrt\stdio.h(1774): note: see declaration of 'sprintf'
c:\users\erik\documents\github\grafika\hf2\raycast\raycast.cpp(175): warning C4996: 'sprintf': This function or variable may be unsafe. Consider using sprintf_s instead. To disable deprecation, use _CRT_SECURE_NO_WARNINGS. See online help for details.
  c:\program files (x86)\windows kits\10\include\10.0.17763.0\ucrt\stdio.h(1774): note: see declaration of 'sprintf'
c:\users\erik\documents\github\grafika\hf2\raycast\raycast.cpp(178): warning C4996: 'sprintf': This function or variable may be unsafe. Consider using sprintf_s instead. To disable deprecation, use _CRT_SECURE_NO_WARNINGS. See online help for details.
  c:\program files (x86)\windows kits\10\include\10.0.17763.0\ucrt\stdio.h(1774): note: see declaration of 'sprintf'
c:\users\erik\documents\github\grafika\hf2\raycast\raycast.cpp(181): warning C4996: 'sprintf': This function or variable may be unsafe. Consider using sprintf_s instead. To disable deprecation, use _CRT_SECURE_NO_WARNINGS. See online help for details.
  c:\program files (x86)\windows kits\10\include\10.0.17763.0\ucrt\stdio.h(1774): note: see declaration of 'sprintf'
c:\users\erik\documents\github\grafika\hf2\raycast\raycast.cpp(190): warning C4305: 'argument': truncation from 'double' to 'float'
c:\users\erik\documents\github\grafika\hf2\raycast\raycast.cpp(215): warning C4996: 'sprintf': This function or variable may be unsafe. Consider using sprintf_s instead. To disable deprecation, use _CRT_SECURE_NO_WARNINGS. See online help for details.
  c:\program files (x86)\windows kits\10\include\10.0.17763.0\ucrt\stdio.h(1774): note: see declaration of 'sprintf'
c:\users\erik\documents\github\grafika\hf2\raycast\raycast.cpp(217): warning C4996: 'sprintf': This function or variable may be unsafe. Consider using sprintf_s instead. To disable deprecation, use _CRT_SECURE_NO_WARNINGS. See online help for details.
  c:\program files (x86)\windows kits\10\include\10.0.17763.0\ucrt\stdio.h(1774): note: see declaration of 'sprintf'
c:\users\erik\documents\github\grafika\hf2\raycast\raycast.cpp(232): warning C4244: '=': conversion from 'double' to 'float', possible loss of data
c:\users\erik\documents\github\grafika\hf2\raycast\raycast.cpp(278): warning C4305: 'initializing': truncation from 'double' to 'float'
c:\users\erik\documents\github\grafika\hf2\raycast\raycast.cpp(281): warning C4305: 'argument': truncation from 'double' to 'float'
c:\users\erik\documents\github\grafika\hf2\raycast\raycast.cpp(284): warning C4244: 'argument': conversion from 'double' to 'float', possible loss of data
c:\users\erik\documents\github\grafika\hf2\raycast\raycast.cpp(287): warning C4305: 'argument': truncation from 'double' to 'float'
c:\users\erik\documents\github\grafika\hf2\raycast\raycast.cpp(292): warning C4018: '<': signed/unsigned mismatch
c:\users\erik\documents\github\grafika\hf2\raycast\raycast.cpp(295): warning C4018: '<': signed/unsigned mismatch
c:\users\erik\documents\github\grafika\hf2\raycast\raycast.cpp(374): warning C4305: 'argument': truncation from 'double' to 'float'
  raycast.vcxproj -> C:\Users\Erik\Documents\GitHub\grafika\HF2\bin\raycast.exe
