c:\users\erik\documents\github\grafika\hf1\skeleton\debug\vc141.pdb
c:\users\erik\documents\github\grafika\hf1\skeleton\debug\vc141.idb
c:\users\erik\documents\github\grafika\hf1\skeleton\debug\skeleton.obj
c:\users\erik\documents\github\grafika\hf1\skeleton\debug\framework.obj
c:\users\boros\documents\github\grafika\hf1\bin\skeleton.exe
c:\users\boros\documents\github\grafika\hf1\bin\skeleton.ilk
c:\users\boros\documents\github\grafika\hf1\bin\skeleton.pdb
c:\users\erik\documents\github\grafika\hf1\bin\skeleton.ilk
c:\users\erik\documents\github\grafika\hf1\bin\skeleton.exe
c:\users\erik\documents\github\grafika\hf1\bin\skeleton.pdb
c:\users\boros\documents\github\grafika\hf1\bin\skeleton.ipdb
c:\users\boros\documents\github\grafika\hf1\bin\skeleton.iobj
c:\users\erik\documents\github\grafika\hf1\bin\skeleton.ipdb
c:\users\erik\documents\github\grafika\hf1\bin\skeleton.iobj
c:\users\erik\documents\github\grafika\hf1\skeleton\debug\vc120.idb
c:\users\erik\documents\github\grafika\hf1\skeleton\debug\vc120.pdb
c:\users\erik\documents\github\grafika\hf1\skeleton\debug\skeleton.tlog\cl.command.1.tlog
c:\users\erik\documents\github\grafika\hf1\skeleton\debug\skeleton.tlog\cl.read.1.tlog
c:\users\erik\documents\github\grafika\hf1\skeleton\debug\skeleton.tlog\cl.write.1.tlog
c:\users\erik\documents\github\grafika\hf1\skeleton\debug\skeleton.tlog\link.command.1.tlog
c:\users\erik\documents\github\grafika\hf1\skeleton\debug\skeleton.tlog\link.delete.1.tlog
c:\users\erik\documents\github\grafika\hf1\skeleton\debug\skeleton.tlog\link.read.1.tlog
c:\users\erik\documents\github\grafika\hf1\skeleton\debug\skeleton.tlog\link.write.1.tlog
c:\users\erik\documents\github\grafika\hf1\skeleton\debug\skeleton.tlog\skeleton.write.1u.tlog
